TN:
SF:fetchData.js
FN:1,fetchData
FN:2,(anonymous_1)
FNF:2
FNH:2
FNDA:1,fetchData
FNDA:1,(anonymous_1)
DA:2,1
DA:3,1
DA:7,1
LF:3
LH:3
BRF:0
BRH:0
end_of_record
TN:
SF:fetchPromise.js
FN:1,fetchPromise
FN:2,(anonymous_1)
FN:3,(anonymous_2)
FNF:3
FNH:3
FNDA:3,fetchPromise
FNDA:3,(anonymous_1)
FNDA:3,(anonymous_2)
DA:2,3
DA:3,3
DA:4,3
DA:9,2
LF:4
LH:4
BRF:0
BRH:0
end_of_record
TN:
SF:sum.js
FN:1,myFunction
FNF:1
FNH:1
FNDA:1,myFunction
DA:2,1
DA:3,1
DA:7,1
LF:3
LH:3
BRDA:2,0,0,1
BRDA:2,0,1,0
BRF:2
BRH:1
end_of_record
