<?xml version="1.0" encoding="UTF-8"?>
<coverage generated="1711029256306" clover="3.2.0">
  <project timestamp="1711029256306" name="All files">
    <metrics statements="10" coveredstatements="10" conditionals="2" coveredconditionals="1" methods="6" coveredmethods="6" elements="18" coveredelements="17" complexity="0" loc="10" ncloc="10" packages="1" files="3" classes="3"/>
    <file name="fetchData.js" path="/Users/haimac/Documents/Files/CODING/GITHUB/learn_fe/jest/learn-2/fetchData.js">
      <metrics statements="3" coveredstatements="3" conditionals="0" coveredconditionals="0" methods="2" coveredmethods="2"/>
      <line num="2" count="1" type="stmt"/>
      <line num="3" count="1" type="stmt"/>
      <line num="7" count="1" type="stmt"/>
    </file>
    <file name="fetchPromise.js" path="/Users/haimac/Documents/Files/CODING/GITHUB/learn_fe/jest/learn-2/fetchPromise.js">
      <metrics statements="4" coveredstatements="4" conditionals="0" coveredconditionals="0" methods="3" coveredmethods="3"/>
      <line num="2" count="3" type="stmt"/>
      <line num="3" count="3" type="stmt"/>
      <line num="4" count="3" type="stmt"/>
      <line num="9" count="2" type="stmt"/>
    </file>
    <file name="sum.js" path="/Users/haimac/Documents/Files/CODING/GITHUB/learn_fe/jest/learn-2/sum.js">
      <metrics statements="3" coveredstatements="3" conditionals="2" coveredconditionals="1" methods="1" coveredmethods="1"/>
      <line num="2" count="1" type="cond" truecount="1" falsecount="1"/>
      <line num="3" count="1" type="stmt"/>
      <line num="7" count="1" type="stmt"/>
    </file>
  </project>
</coverage>
